[2021-10-14T16:05:45.720] [INFO] default - 采集成功，qq: 904108140
[2021-10-14T16:06:26.811] [INFO] default - 采集成功，qq: 594695562
[2021-10-14T16:06:27.095] [INFO] default - 采集成功，qq: 549917955
[2021-10-14T16:06:39.177] [INFO] default - 采集成功，qq: 3235023002
[2021-10-14T16:06:39.447] [INFO] default - 采集成功，qq: 2376129965
[2021-10-14T16:06:40.079] [INFO] default - 采集成功，qq: 2160951564
[2021-10-14T16:06:40.193] [INFO] default - 采集成功，qq: 842744206
[2021-10-14T16:06:51.337] [INFO] default - 采集成功，qq: 1975014529
[2021-10-14T16:06:51.364] [INFO] default - 采集成功，qq: 2194472663
[2021-10-14T16:06:57.091] [INFO] default - 采集成功，qq: 2684288861
[2021-10-14T16:07:03.377] [INFO] default - 采集成功，qq: 407730314
[2021-10-14T16:07:03.474] [INFO] default - 采集成功，qq: 337073079
[2021-10-14T16:07:03.755] [INFO] default - 采集成功，qq: 3103741975
[2021-10-14T16:07:04.993] [INFO] default - 采集成功，qq: 88940019
[2021-10-14T16:07:10.523] [INFO] default - 采集成功，qq: 812232012
[2021-10-14T16:07:10.921] [INFO] default - 采集成功，qq: 773233183
[2021-10-14T16:08:10.086] [INFO] default - 采集成功，qq: 2625367425
[2021-10-14T16:08:10.379] [INFO] default - 采集成功，qq: 382156491
[2021-10-14T16:08:10.429] [INFO] default - 采集成功，qq: 1955572322
[2021-10-14T16:08:15.853] [INFO] default - 采集成功，qq: 2629607816
[2021-10-14T16:08:28.278] [INFO] default - 采集成功，qq: 2510749823
[2021-10-14T16:08:28.562] [INFO] default - 采集成功，qq: 1937912015
[2021-10-14T16:08:28.914] [INFO] default - 采集成功，qq: 3104172071
[2021-10-14T16:08:52.234] [INFO] default - 采集成功，qq: 2023702477
[2021-10-14T16:08:52.519] [INFO] default - 采集成功，qq: 1820461176
[2021-10-14T16:08:58.702] [INFO] default - 采集成功，qq: 563111912
[2021-10-14T16:09:10.762] [INFO] default - 采集成功，qq: 528431297
[2021-10-14T16:09:16.520] [INFO] default - 采集成功，qq: 1351291263
[2021-10-14T16:09:34.723] [INFO] default - 采集成功，qq: 3112850041
[2021-10-14T16:09:35.304] [INFO] default - 采集成功，qq: 2210883085
[2021-10-14T16:09:35.617] [INFO] default - 采集成功，qq: 2508425823
[2021-10-14T16:09:35.931] [INFO] default - 采集成功，qq: 369428857
[2021-10-14T16:09:36.194] [INFO] default - 采集成功，qq: 2793948750
[2021-10-14T16:09:36.511] [INFO] default - 采集成功，qq: 781221628
[2021-10-14T16:09:36.850] [INFO] default - 采集成功，qq: 3995721
[2021-10-14T16:09:37.224] [INFO] default - 采集成功，qq: 1074033661
[2021-10-14T16:09:37.436] [INFO] default - 采集成功，qq: 3142679869
[2021-10-14T16:09:40.762] [INFO] default - 采集成功，qq: 504852549
[2021-10-14T16:10:41.334] [INFO] default - 采集成功，qq: 1970640425
[2021-10-14T16:10:41.626] [INFO] default - 采集成功，qq: 3434953159
[2021-10-14T16:10:41.971] [INFO] default - 采集成功，qq: 2123261957
[2021-10-14T16:10:42.220] [INFO] default - 采集成功，qq: 1099367048
[2021-10-14T16:10:42.579] [INFO] default - 采集成功，qq: 2982843715
[2021-10-14T16:10:42.817] [INFO] default - 采集成功，qq: 673468708
[2021-10-14T16:10:43.121] [INFO] default - 采集成功，qq: 2065640793
[2021-10-14T16:10:47.392] [INFO] default - 采集成功，qq: 1165465912
[2021-10-14T16:10:47.668] [INFO] default - 采集成功，qq: 657210500
[2021-10-14T16:10:49.322] [INFO] default - 采集成功，qq: 2913329795
[2021-10-14T16:10:59.526] [INFO] default - 采集成功，qq: 604443279
[2021-10-14T16:10:59.806] [INFO] default - 采集成功，qq: 292645656
[2021-10-14T16:11:00.134] [INFO] default - 采集成功，qq: 2833119338
[2021-10-14T16:11:00.414] [INFO] default - 采集成功，qq: 13551147
[2021-10-14T16:11:00.710] [INFO] default - 采集成功，qq: 2051762375
[2021-10-14T16:11:01.104] [INFO] default - 采集成功，qq: 2418387054
[2021-10-14T16:11:32.896] [INFO] default - 采集成功，qq: 1511947668
[2021-10-14T16:11:45.077] [INFO] default - 采集成功，qq: 846366715
[2021-10-14T16:12:27.813] [INFO] default - 采集成功，qq: 1284708985
[2021-10-14T16:12:28.112] [INFO] default - 采集成功，qq: 2689683136
[2021-10-14T16:13:16.255] [INFO] default - 采集成功，qq: 626909807
[2021-10-14T16:13:34.139] [INFO] default - 采集成功，qq: 2513382241
[2021-10-14T16:14:40.880] [INFO] default - 采集成功，qq: 331911501
[2021-10-14T16:14:41.314] [INFO] default - 采集成功，qq: 835338058
[2021-10-14T16:16:29.910] [INFO] default - 采集成功，qq: 2176488325
[2021-10-14T16:16:30.231] [INFO] default - 采集成功，qq: 1692950419
[2021-10-14T16:16:36.109] [INFO] default - 采集成功，qq: 2513203623
[2021-10-14T16:16:54.127] [INFO] default - 采集成功，qq: 864514985
[2021-10-14T16:16:54.415] [INFO] default - 采集成功，qq: 861459572
[2021-10-14T16:17:06.244] [INFO] default - 采集成功，qq: 931411866
[2021-10-14T16:17:18.354] [INFO] default - 采集成功，qq: 1064160014
[2021-10-14T16:17:24.722] [INFO] default - 采集成功，qq: 1544181677
[2021-10-14T16:49:14.285] [INFO] default - 采集成功，qq: 735082334
[2021-10-14T16:49:14.571] [INFO] default - 采集成功，qq: 2119612568
[2021-10-14T16:49:14.886] [INFO] default - 采集成功，qq: 2093853058
[2021-10-14T16:54:11.812] [INFO] default - 采集成功，qq: 1809934475
[2021-10-14T16:54:11.816] [INFO] default - 采集成功，qq: 706989532
[2021-10-14T16:54:11.824] [INFO] default - 采集成功，qq: 330460032
[2021-10-14T16:54:11.825] [INFO] default - 采集成功，qq: 1845071505
[2021-10-14T16:54:11.826] [INFO] default - 采集成功，qq: 3102909958
[2021-10-14T16:54:11.826] [INFO] default - 采集成功，qq: 2456204669
[2021-10-14T16:54:11.827] [INFO] default - 采集成功，qq: 1256193264
[2021-10-14T16:54:11.827] [INFO] default - 采集成功，qq: 994078291
[2021-10-14T16:54:11.828] [INFO] default - 采集成功，qq: 2742418066
[2021-10-14T16:54:11.828] [INFO] default - 采集成功，qq: 370641258
[2021-10-14T16:54:11.829] [INFO] default - 采集成功，qq: 89230814
[2021-10-14T16:54:11.833] [INFO] default - 采集成功，qq: 840929220
[2021-10-14T16:54:11.837] [INFO] default - 采集成功，qq: 3629000735
[2021-10-14T16:54:11.840] [INFO] default - 采集成功，qq: 2481845980
[2021-10-14T16:54:11.841] [INFO] default - 采集成功，qq: 327399072
[2021-10-14T16:54:11.842] [INFO] default - 采集成功，qq: 3175511851
[2021-10-14T16:54:11.844] [INFO] default - 采集成功，qq: 3244277665
[2021-10-14T16:54:11.844] [INFO] default - 采集成功，qq: 956287550
[2021-10-14T16:54:11.846] [INFO] default - 采集成功，qq: 768799341
[2021-10-14T16:54:11.846] [INFO] default - 采集成功，qq: 3202859943
[2021-10-14T16:54:11.847] [INFO] default - 采集成功，qq: 86925877
[2021-10-14T16:54:11.848] [INFO] default - 采集成功，qq: 1093611261
[2021-10-14T16:54:11.855] [INFO] default - 采集成功，qq: 2971956162
[2021-10-14T16:54:11.857] [INFO] default - 采集成功，qq: 1134498345
[2021-10-14T16:54:11.859] [INFO] default - 采集成功，qq: 397329293
[2021-10-14T16:54:11.860] [INFO] default - 采集成功，qq: 77710666
[2021-10-14T16:54:11.861] [INFO] default - 采集成功，qq: 183842434
[2021-10-14T16:54:11.863] [INFO] default - 采集成功，qq: 108419552
[2021-10-14T16:54:11.863] [INFO] default - 采集成功，qq: 3334319754
[2021-10-14T16:54:11.864] [INFO] default - 采集成功，qq: 34853387
[2021-10-14T16:54:11.864] [INFO] default - 采集成功，qq: 2228374798
[2021-10-14T16:54:11.865] [INFO] default - 采集成功，qq: 2740603657
[2021-10-14T16:54:11.874] [INFO] default - 采集成功，qq: 2356345197
[2021-10-14T16:54:11.875] [INFO] default - 采集成功，qq: 2098404784
[2021-10-14T16:54:11.878] [INFO] default - 采集成功，qq: 3041974843
[2021-10-14T16:54:11.879] [INFO] default - 采集成功，qq: 198464579
[2021-10-14T16:54:11.881] [INFO] default - 采集成功，qq: 1515824640
[2021-10-14T16:54:11.882] [INFO] default - 采集成功，qq: 1210278618
[2021-10-14T16:54:11.883] [INFO] default - 采集成功，qq: 328665003
[2021-10-14T16:54:11.884] [INFO] default - 采集成功，qq: 471728631
[2021-10-14T16:54:11.884] [INFO] default - 采集成功，qq: 2533962192
[2021-10-14T16:54:11.885] [INFO] default - 采集成功，qq: 2145997801
[2021-10-14T16:54:11.895] [INFO] default - 采集成功，qq: 2932115206
[2021-10-14T16:54:11.895] [INFO] default - 采集成功，qq: 3083911261
[2021-10-14T16:54:11.896] [INFO] default - 采集成功，qq: 1738225791
[2021-10-14T16:54:11.905] [INFO] default - 采集成功，qq: 2537532972
[2021-10-14T16:54:11.906] [INFO] default - 采集成功，qq: 714042425
[2021-10-14T16:54:11.906] [INFO] default - 采集成功，qq: 2720283292
[2021-10-14T16:54:11.906] [INFO] default - 采集成功，qq: 2364355853
[2021-10-14T16:54:11.907] [INFO] default - 采集成功，qq: 185355576
[2021-10-14T16:54:11.907] [INFO] default - 采集成功，qq: 973789956
[2021-10-14T16:54:11.908] [INFO] default - 采集成功，qq: 18420886
[2021-10-14T16:54:11.914] [INFO] default - 采集成功，qq: 48430473
[2021-10-14T16:54:11.914] [INFO] default - 采集成功，qq: 1625878546
[2021-10-14T16:54:11.916] [INFO] default - 采集成功，qq: 1270826891
[2021-10-14T16:54:11.925] [INFO] default - 采集成功，qq: 2495649417
[2021-10-14T16:54:11.925] [INFO] default - 采集成功，qq: 2256498313
[2021-10-14T16:54:11.925] [INFO] default - 采集成功，qq: 2177798963
[2021-10-14T16:54:11.926] [INFO] default - 采集成功，qq: 2132598382
[2021-10-14T16:54:11.926] [INFO] default - 采集成功，qq: 2256498313
[2021-10-14T16:54:11.926] [INFO] default - 采集成功，qq: 610983464
[2021-10-14T16:54:11.927] [INFO] default - 采集成功，qq: 2495649417
[2021-10-14T16:54:11.930] [INFO] default - 采集成功，qq: 1619809325
[2021-10-14T16:54:11.934] [INFO] default - 采集成功，qq: 2564669070
[2021-10-14T16:54:11.934] [INFO] default - 采集成功，qq: 2356345197
[2021-10-14T16:54:11.944] [INFO] default - 采集成功，qq: 825421392
[2021-10-14T16:54:11.945] [INFO] default - 采集成功，qq: 2304030018
[2021-10-14T16:54:11.945] [INFO] default - 采集成功，qq: 1051553561
[2021-10-14T16:54:11.945] [INFO] default - 采集成功，qq: 2720283292
[2021-10-14T16:54:11.945] [INFO] default - 采集成功，qq: 1982549467
[2021-10-14T16:54:11.946] [INFO] default - 采集成功，qq: 2042009532
[2021-10-14T16:54:11.946] [INFO] default - 采集成功，qq: 2221960103
[2021-10-14T16:54:11.946] [INFO] default - 采集成功，qq: 1449907054
[2021-10-14T16:54:11.953] [INFO] default - 采集成功，qq: 2697896996
[2021-10-14T16:54:11.954] [INFO] default - 采集成功，qq: 838234230
[2021-10-14T16:54:11.964] [INFO] default - 采集成功，qq: 651165391
[2021-10-14T16:54:11.964] [INFO] default - 采集成功，qq: 465496926
[2021-10-14T16:54:11.964] [INFO] default - 采集成功，qq: 879595808
[2021-10-14T16:54:11.965] [INFO] default - 采集成功，qq: 1779568663
[2021-10-14T16:54:11.965] [INFO] default - 采集成功，qq: 591357659
[2021-10-14T16:54:11.968] [INFO] default - 采集成功，qq: 250631038
[2021-10-14T16:54:11.968] [INFO] default - 采集成功，qq: 296278298
[2021-10-14T16:54:11.969] [INFO] default - 采集成功，qq: 1727068569
[2021-10-14T16:54:11.975] [INFO] default - 采集成功，qq: 280606739
[2021-10-14T16:54:11.978] [INFO] default - 采集成功，qq: 1075087869
[2021-10-14T16:54:11.987] [INFO] default - 采集成功，qq: 113689139
[2021-10-14T16:54:11.988] [INFO] default - 采集成功，qq: 1195343955
[2021-10-14T16:54:11.988] [INFO] default - 采集成功，qq: 763198012
[2021-10-14T16:54:11.989] [INFO] default - 采集成功，qq: 3500944253
[2021-10-14T16:54:11.989] [INFO] default - 采集成功，qq: 2825476629
[2021-10-14T16:54:11.990] [INFO] default - 采集成功，qq: 2439344993
[2021-10-14T16:54:11.990] [INFO] default - 采集成功，qq: 2322165940
[2021-10-14T16:54:11.991] [INFO] default - 采集成功，qq: 2043372434
[2021-10-14T16:54:11.998] [INFO] default - 采集成功，qq: 814495728
[2021-10-14T16:54:11.999] [INFO] default - 采集成功，qq: 2892911681
[2021-10-14T16:54:12.014] [INFO] default - 采集成功，qq: 3548200150
[2021-10-14T16:54:12.015] [INFO] default - 采集成功，qq: 1678581802
[2021-10-14T16:54:12.015] [INFO] default - 采集成功，qq: 378211058
[2021-10-14T16:54:12.016] [INFO] default - 采集成功，qq: 3083911261
[2021-10-14T16:54:12.016] [INFO] default - 采集成功，qq: 895415730
[2021-10-14T16:54:12.016] [INFO] default - 采集成功，qq: 3614153329
[2021-10-14T16:54:12.017] [INFO] default - 采集成功，qq: 293532633
[2021-10-14T16:54:12.017] [INFO] default - 采集成功，qq: 358738029
[2021-10-14T16:54:12.028] [INFO] default - 采集成功，qq: 1727068569
[2021-10-14T16:54:12.029] [INFO] default - 采集成功，qq: 454063725
[2021-10-14T16:54:12.039] [INFO] default - 采集成功，qq: 3528423438
[2021-10-14T16:54:12.040] [INFO] default - 采集成功，qq: 1256193264
[2021-10-14T16:54:12.040] [INFO] default - 采集成功，qq: 2068585826
[2021-10-14T16:54:12.041] [INFO] default - 采集成功，qq: 1210470934
[2021-10-14T16:54:12.042] [INFO] default - 采集成功，qq: 1447308750
[2021-10-14T16:54:12.044] [INFO] default - 采集成功，qq: 973789956
[2021-10-14T16:54:12.044] [INFO] default - 采集成功，qq: 460686474
[2021-10-14T16:54:12.045] [INFO] default - 采集成功，qq: 457772736
[2021-10-14T16:54:12.048] [INFO] default - 采集成功，qq: 714828500
[2021-10-14T16:54:12.048] [INFO] default - 采集成功，qq: 525661843
[2021-10-14T16:54:12.059] [INFO] default - 采集成功，qq: 272506295
[2021-10-14T16:54:12.060] [INFO] default - 采集成功，qq: 32807910
[2021-10-14T16:54:12.060] [INFO] default - 采集成功，qq: 2696795805
[2021-10-14T16:54:12.061] [INFO] default - 采集成功，qq: 3022258752
[2021-10-14T16:54:12.062] [INFO] default - 采集成功，qq: 481793795
[2021-10-14T16:54:12.062] [INFO] default - 采集成功，qq: 1411929846
[2021-10-14T16:54:12.065] [INFO] default - 采集成功，qq: 1270826891
[2021-10-14T16:54:12.065] [INFO] default - 采集成功，qq: 1160644597
[2021-10-14T16:54:12.073] [INFO] default - 采集成功，qq: 2318158044
[2021-10-14T16:54:12.073] [INFO] default - 采集成功，qq: 2540826476
[2021-10-14T16:54:12.083] [INFO] default - 采集成功，qq: 2720283292
[2021-10-14T16:54:12.083] [INFO] default - 采集成功，qq: 536925159
[2021-10-14T16:54:12.084] [INFO] default - 采集成功，qq: 3561549288
[2021-10-14T16:54:12.084] [INFO] default - 采集成功，qq: 3628882528
[2021-10-14T16:54:12.084] [INFO] default - 采集成功，qq: 542723205
[2021-10-14T16:54:12.085] [INFO] default - 采集成功，qq: 63836333
[2021-10-14T16:54:12.088] [INFO] default - 采集成功，qq: 33238783
[2021-10-14T16:54:12.088] [INFO] default - 采集成功，qq: 429157428
[2021-10-14T16:54:12.097] [INFO] default - 采集成功，qq: 2200428769
[2021-10-14T16:54:12.097] [INFO] default - 采集成功，qq: 2914112128
[2021-10-14T16:54:12.107] [INFO] default - 采集成功，qq: 529309767
[2021-10-14T16:54:12.107] [INFO] default - 采集成功，qq: 564821563
[2021-10-14T16:54:12.107] [INFO] default - 采集成功，qq: 642207408
[2021-10-14T16:54:12.109] [INFO] default - 采集成功，qq: 1507422306
[2021-10-14T16:54:12.110] [INFO] default - 采集成功，qq: 767896935
[2021-10-14T16:54:12.110] [INFO] default - 采集成功，qq: 624764897
[2021-10-14T16:54:12.110] [INFO] default - 采集成功，qq: 318371686
[2021-10-14T16:54:12.110] [INFO] default - 采集成功，qq: 75808214
[2021-10-14T16:54:12.117] [INFO] default - 采集成功，qq: 1004475281
[2021-10-14T16:54:12.118] [INFO] default - 采集成功，qq: 502313209
[2021-10-14T16:54:12.127] [INFO] default - 采集成功，qq: 7972149
[2021-10-14T16:54:12.128] [INFO] default - 采集成功，qq: 2674840684
[2021-10-14T16:54:12.130] [INFO] default - 采集成功，qq: 1336442110
[2021-10-14T16:54:12.130] [INFO] default - 采集成功，qq: 2913369347
[2021-10-14T16:54:12.130] [INFO] default - 采集成功，qq: 3242741843
[2021-10-14T16:54:12.131] [INFO] default - 采集成功，qq: 547039512
[2021-10-14T16:54:12.131] [INFO] default - 采集成功，qq: 2751645439
[2021-10-14T16:54:12.131] [INFO] default - 采集成功，qq: 412312671
[2021-10-14T16:54:12.137] [INFO] default - 采集成功，qq: 3365963595
[2021-10-14T16:54:12.137] [INFO] default - 采集成功，qq: 635633667
[2021-10-14T16:54:12.147] [INFO] default - 采集成功，qq: 277085388
[2021-10-14T16:54:12.148] [INFO] default - 采集成功，qq: 2878236630
[2021-10-14T16:54:12.154] [INFO] default - 采集成功，qq: 2093316985
[2021-10-14T16:54:12.154] [INFO] default - 采集成功，qq: 504861161
[2021-10-14T16:54:12.155] [INFO] default - 采集成功，qq: 1006355784
[2021-10-14T16:54:12.155] [INFO] default - 采集成功，qq: 2944592187
[2021-10-14T16:54:12.155] [INFO] default - 采集成功，qq: 654665080
[2021-10-14T16:54:12.156] [INFO] default - 采集成功，qq: 471402470
[2021-10-14T16:54:12.158] [INFO] default - 采集成功，qq: 3067954532
[2021-10-14T16:54:12.159] [INFO] default - 采集成功，qq: 380888212
[2021-10-14T16:54:12.169] [INFO] default - 采集成功，qq: 328665003
[2021-10-14T16:54:12.170] [INFO] default - 采集成功，qq: 548786686
[2021-10-14T16:54:12.178] [INFO] default - 采集成功，qq: 663599743
[2021-10-14T16:54:12.179] [INFO] default - 采集成功，qq: 436046239
[2021-10-14T16:54:12.180] [INFO] default - 采集成功，qq: 1847385275
[2021-10-14T16:54:12.180] [INFO] default - 采集成功，qq: 2956498398
[2021-10-14T16:54:12.180] [INFO] default - 采集成功，qq: 1648316767
[2021-10-14T16:54:12.181] [INFO] default - 采集成功，qq: 591562803
[2021-10-14T16:54:12.181] [INFO] default - 采集成功，qq: 806255608
[2021-10-14T16:54:12.182] [INFO] default - 采集成功，qq: 2387038108
[2021-10-14T16:54:12.191] [INFO] default - 采集成功，qq: 973789956
[2021-10-14T16:54:12.192] [INFO] default - 采集成功，qq: 1390820970
[2021-10-14T16:54:12.197] [INFO] default - 采集成功，qq: 3472510069
[2021-10-14T16:54:12.198] [INFO] default - 采集成功，qq: 994078291
[2021-10-14T16:54:12.198] [INFO] default - 采集成功，qq: 2742418066
[2021-10-14T16:54:12.202] [INFO] default - 采集成功，qq: 2177798963
[2021-10-14T16:54:12.202] [INFO] default - 采集成功，qq: 2256498313
[2021-10-14T16:54:12.202] [INFO] default - 采集成功，qq: 2495649417
[2021-10-14T16:54:12.203] [INFO] default - 采集成功，qq: 905521832
[2021-10-14T16:54:12.203] [INFO] default - 采集成功，qq: 1619809325
[2021-10-14T16:54:12.214] [INFO] default - 采集成功，qq: 8224130
[2021-10-14T16:54:12.215] [INFO] default - 采集成功，qq: 2356345197
[2021-10-14T16:54:12.220] [INFO] default - 采集成功，qq: 2564669070
[2021-10-14T16:54:12.221] [INFO] default - 采集成功，qq: 714828500
[2021-10-14T16:54:12.225] [INFO] default - 采集成功，qq: 419239244
[2021-10-14T16:54:12.225] [INFO] default - 采集成功，qq: 1763375531
[2021-10-14T16:54:12.225] [INFO] default - 采集成功，qq: 3056552302
[2021-10-14T16:54:12.226] [INFO] default - 采集成功，qq: 940085292
[2021-10-14T16:54:12.228] [INFO] default - 采集成功，qq: 3134515723
[2021-10-14T16:54:12.229] [INFO] default - 采集成功，qq: 1845071505
[2021-10-14T16:54:12.235] [INFO] default - 采集成功，qq: 1830556494
[2021-10-14T16:54:12.236] [INFO] default - 采集成功，qq: 462038349
[2021-10-14T16:54:12.239] [INFO] default - 采集成功，qq: 2920719341
[2021-10-14T16:54:12.240] [INFO] default - 采集成功，qq: 2865963850
[2021-10-14T16:54:12.246] [INFO] default - 采集成功，qq: 548786686
[2021-10-14T16:54:12.246] [INFO] default - 采集成功，qq: 310753724
[2021-10-14T16:54:12.246] [INFO] default - 采集成功，qq: 546201520
[2021-10-14T16:54:12.246] [INFO] default - 采集成功，qq: 764645210
[2021-10-14T16:54:14.830] [INFO] default - 发送邮件成功!邮件地址: 1809934475 @qq.com，投递结果: "{\"RequestId\":\"ee8cbea7-99a0-4ef6-bb2f-deb896bbd183\",\"MessageId\":\"qcloudses-30-1251761650-date-20211014165414-ryVpiVJUqiS1\"}"
[2021-10-14T16:54:16.588] [INFO] default - 发送邮件成功!邮件地址: 706989532 @qq.com，投递结果: "{\"RequestId\":\"41be1239-43cf-47d0-ac31-efa2f9d249b3\",\"MessageId\":\"qcloudses-30-1251761650-date-20211014165416-HVWuamnJoPC1\"}"
[2021-10-14T16:54:18.585] [INFO] default - 发送邮件成功!邮件地址: 330460032 @qq.com，投递结果: "{\"RequestId\":\"4fe08257-ac83-4ff4-95a4-195e7078d3e9\",\"MessageId\":\"qcloudses-30-1251761650-date-20211014165418-wEFEswZJzQJ1\"}"
[2021-10-14T16:54:20.592] [INFO] default - 发送邮件成功!邮件地址: 1845071505 @qq.com，投递结果: "{\"RequestId\":\"91fbaae3-bf85-47d7-96ab-e1000416dbff\",\"MessageId\":\"qcloudses-30-1251761650-date-20211014165420-tfvjKNHTsmh1\"}"
[2021-10-14T16:54:22.515] [INFO] default - 发送邮件成功!邮件地址: 3102909958 @qq.com，投递结果: "{\"RequestId\":\"deba77cf-e610-4699-9168-ede539386e54\",\"MessageId\":\"qcloudses-30-1251761650-date-20211014165422-VWnKotynUoN1\"}"
[2021-10-14T16:54:26.509] [INFO] default - 发送邮件成功!邮件地址: 1256193264 @qq.com，投递结果: "{\"RequestId\":\"a1216720-2159-4c18-a15f-fa649fc1f5bb\",\"MessageId\":\"qcloudses-30-1251761650-date-20211014165426-ejzARqKKQxR1\"}"
[2021-10-14T16:54:28.573] [INFO] default - 发送邮件成功!邮件地址: 994078291 @qq.com，投递结果: "{\"RequestId\":\"b291a543-855b-4264-835b-8dcb8e6c37ee\",\"MessageId\":\"qcloudses-30-1251761650-date-20211014165428-xvuouCNtsRk1\"}"
[2021-10-14T16:54:30.655] [INFO] default - 发送邮件成功!邮件地址: 2742418066 @qq.com，投递结果: "{\"RequestId\":\"408f1d12-1837-4a6b-aa32-944a44aa44df\",\"MessageId\":\"qcloudses-30-1251761650-date-20211014165430-CedBvCUFAbC1\"}"
[2021-10-14T16:54:32.771] [INFO] default - 发送邮件成功!邮件地址: 370641258 @qq.com，投递结果: "{\"RequestId\":\"17dfe5cd-0777-451a-aa71-b3c32bcd3685\",\"MessageId\":\"qcloudses-30-1251761650-date-20211014165432-TmNaanJHEXs1\"}"
[2021-10-14T16:54:34.714] [INFO] default - 发送邮件成功!邮件地址: 89230814 @qq.com，投递结果: "{\"RequestId\":\"b41dc5cc-a885-45eb-8c2c-26fffccf48a5\",\"MessageId\":\"qcloudses-30-1251761650-date-20211014165434-uruHzJVVRll1\"}"
[2021-10-14T16:54:37.459] [INFO] default - 发送邮件成功!邮件地址: 840929220 @qq.com，投递结果: "{\"RequestId\":\"4b82452f-5522-4f51-b449-9199e21aa4b6\",\"MessageId\":\"qcloudses-30-1251761650-date-20211014165437-ebwCKNhZQPn1\"}"
[2021-10-14T16:54:38.605] [INFO] default - 发送邮件成功!邮件地址: 3629000735 @qq.com，投递结果: "{\"RequestId\":\"dc29dff6-b9f7-4fa6-b3a1-1d164ce0a221\",\"MessageId\":\"qcloudses-30-1251761650-date-20211014165438-ABsfOvPPYbX1\"}"
[2021-10-14T16:54:40.557] [INFO] default - 发送邮件成功!邮件地址: 2481845980 @qq.com，投递结果: "{\"RequestId\":\"cd02d410-0c7f-43fa-a929-0c0db1e4509b\",\"MessageId\":\"qcloudses-30-1251761650-date-20211014165440-DfymstqPWXf1\"}"
[2021-10-14T16:54:42.557] [INFO] default - 发送邮件成功!邮件地址: 327399072 @qq.com，投递结果: "{\"RequestId\":\"60fa260d-f8d4-4290-966b-fb4c68477a5b\",\"MessageId\":\"qcloudses-30-1251761650-date-20211014165442-ecDEdFoyMIN1\"}"
[2021-10-14T16:54:46.609] [INFO] default - 发送邮件成功!邮件地址: 3244277665 @qq.com，投递结果: "{\"RequestId\":\"67ad62cb-6067-4747-928b-8d936e841852\",\"MessageId\":\"qcloudses-30-1251761650-date-20211014165446-PIjCglHrIVP1\"}"
[2021-10-14T16:54:48.675] [INFO] default - 发送邮件成功!邮件地址: 956287550 @qq.com，投递结果: "{\"RequestId\":\"a7789629-15c8-49dd-b532-5e7d9864e54f\",\"MessageId\":\"qcloudses-30-1251761650-date-20211014165448-LkikDafawwZ1\"}"
[2021-10-14T16:54:50.569] [INFO] default - 发送邮件成功!邮件地址: 768799341 @qq.com，投递结果: "{\"RequestId\":\"1d785309-daa8-4d4e-9cfd-62cfdaba4fce\",\"MessageId\":\"qcloudses-30-1251761650-date-20211014165450-JtxdRkhVFud1\"}"
[2021-10-14T16:54:52.656] [INFO] default - 发送邮件成功!邮件地址: 3202859943 @qq.com，投递结果: "{\"RequestId\":\"639b6886-4bcb-41dc-bb62-4ccc45432e9d\",\"MessageId\":\"qcloudses-30-1251761650-date-20211014165452-TUYCMfDAigO1\"}"
[2021-10-14T16:54:54.557] [INFO] default - 发送邮件成功!邮件地址: 86925877 @qq.com，投递结果: "{\"RequestId\":\"a28d7d71-3df4-434c-954c-60bd1eea219e\",\"MessageId\":\"qcloudses-30-1251761650-date-20211014165454-KRRAmuKDrCa1\"}"
[2021-10-14T16:54:56.777] [INFO] default - 发送邮件成功!邮件地址: 1093611261 @qq.com，投递结果: "{\"RequestId\":\"42f5d6c7-a11e-48bc-bdcd-39e31638bbe3\",\"MessageId\":\"qcloudses-30-1251761650-date-20211014165456-hviOEXFpOnn1\"}"
[2021-10-14T16:54:58.710] [INFO] default - 发送邮件成功!邮件地址: 2971956162 @qq.com，投递结果: "{\"RequestId\":\"b7959f0d-dd67-460d-a7d8-e95eb8145297\",\"MessageId\":\"qcloudses-30-1251761650-date-20211014165458-uKzFLUrpIdr1\"}"
[2021-10-14T16:55:00.580] [INFO] default - 发送邮件成功!邮件地址: 1134498345 @qq.com，投递结果: "{\"RequestId\":\"e186bce9-0532-4afb-8921-0ca83df771cb\",\"MessageId\":\"qcloudses-30-1251761650-date-20211014165500-ajIGSBVFHVt1\"}"
[2021-10-14T16:55:02.609] [INFO] default - 发送邮件成功!邮件地址: 397329293 @qq.com，投递结果: "{\"RequestId\":\"870534d6-7529-4715-b0fa-829ba27ce7fb\",\"MessageId\":\"qcloudses-30-1251761650-date-20211014165502-hyNKhPHzJdY1\"}"
[2021-10-14T16:55:04.608] [INFO] default - 发送邮件成功!邮件地址: 77710666 @qq.com，投递结果: "{\"RequestId\":\"76fbd99c-9d1c-4869-8969-10e4f4e9e30f\",\"MessageId\":\"qcloudses-30-1251761650-date-20211014165504-WPvzkYnXnWN1\"}"
[2021-10-14T16:55:06.670] [INFO] default - 发送邮件成功!邮件地址: 183842434 @qq.com，投递结果: "{\"RequestId\":\"44e7d562-2a3c-4bd2-8912-f021bcfe4b6a\",\"MessageId\":\"qcloudses-30-1251761650-date-20211014165506-NSJoGssHaux1\"}"
[2021-10-14T16:55:08.629] [INFO] default - 发送邮件成功!邮件地址: 108419552 @qq.com，投递结果: "{\"RequestId\":\"1c0c8e21-04f5-456a-b07b-fb71b85b0427\",\"MessageId\":\"qcloudses-30-1251761650-date-20211014165508-RlGdiAQDXzV1\"}"
[2021-10-14T16:55:10.578] [INFO] default - 发送邮件成功!邮件地址: 3334319754 @qq.com，投递结果: "{\"RequestId\":\"fbef85ff-a27a-40bb-b29b-c32c7320a569\",\"MessageId\":\"qcloudses-30-1251761650-date-20211014165510-BdKvvbrOWSN1\"}"
[2021-10-14T16:55:13.052] [INFO] default - 发送邮件成功!邮件地址: 34853387 @qq.com，投递结果: "{\"RequestId\":\"e7fae74b-085e-4281-b148-d47e0f5d2d77\",\"MessageId\":\"qcloudses-30-1251761650-date-20211014165513-wfZGZdWNfaK1\"}"
[2021-10-14T16:55:14.720] [INFO] default - 发送邮件成功!邮件地址: 2228374798 @qq.com，投递结果: "{\"RequestId\":\"171397e1-747b-4c18-8496-547ad1994a7d\",\"MessageId\":\"qcloudses-30-1251761650-date-20211014165514-UIrwZJVugWE1\"}"
[2021-10-14T16:55:16.704] [INFO] default - 发送邮件成功!邮件地址: 2740603657 @qq.com，投递结果: "{\"RequestId\":\"52376110-38aa-4c39-b789-d8937a2c1928\",\"MessageId\":\"qcloudses-30-1251761650-date-20211014165516-dmLdUJFDvAU1\"}"
[2021-10-14T16:55:18.742] [INFO] default - 发送邮件成功!邮件地址: 2356345197 @qq.com，投递结果: "{\"RequestId\":\"5e66aacf-7b77-4237-8fca-b64feadce4e9\",\"MessageId\":\"qcloudses-30-1251761650-date-20211014165518-GIzCbvHyeOI1\"}"
[2021-10-14T16:55:20.586] [INFO] default - 发送邮件成功!邮件地址: 2098404784 @qq.com，投递结果: "{\"RequestId\":\"8afa9c9f-be0a-4c50-b8c4-3e9ac329074f\",\"MessageId\":\"qcloudses-30-1251761650-date-20211014165520-WRRuFJWJYLx1\"}"
[2021-10-14T16:55:22.657] [INFO] default - 发送邮件成功!邮件地址: 3041974843 @qq.com，投递结果: "{\"RequestId\":\"0e8686cc-e42f-4c29-af1e-200b5e6538c8\",\"MessageId\":\"qcloudses-30-1251761650-date-20211014165522-avkweahBNoQ1\"}"
[2021-10-14T16:55:24.706] [INFO] default - 发送邮件成功!邮件地址: 198464579 @qq.com，投递结果: "{\"RequestId\":\"f347d439-116a-44fc-87df-10cacbcee632\",\"MessageId\":\"qcloudses-30-1251761650-date-20211014165524-ztqsfxwZEcK1\"}"
[2021-10-14T16:55:28.595] [INFO] default - 发送邮件成功!邮件地址: 1210278618 @qq.com，投递结果: "{\"RequestId\":\"b683b051-0073-4dab-8b6f-5c2260dd05cc\",\"MessageId\":\"qcloudses-30-1251761650-date-20211014165528-cXjHyZZPdvv1\"}"
[2021-10-14T16:55:30.637] [INFO] default - 发送邮件成功!邮件地址: 328665003 @qq.com，投递结果: "{\"RequestId\":\"7074b94c-bba9-4b85-9539-59c89ff674ba\",\"MessageId\":\"qcloudses-30-1251761650-date-20211014165530-RipPfrqJZXW1\"}"
[2021-10-14T16:55:32.739] [INFO] default - 发送邮件成功!邮件地址: 471728631 @qq.com，投递结果: "{\"RequestId\":\"67b3afef-1e35-4ea5-ae82-8fea1196154d\",\"MessageId\":\"qcloudses-30-1251761650-date-20211014165532-CPVHqPbDCmp1\"}"
[2021-10-14T16:55:34.715] [INFO] default - 发送邮件成功!邮件地址: 2533962192 @qq.com，投递结果: "{\"RequestId\":\"305dac24-44a7-48b3-8494-4551fc13082e\",\"MessageId\":\"qcloudses-30-1251761650-date-20211014165534-osjJBJAatUO1\"}"
[2021-10-14T16:55:36.606] [INFO] default - 发送邮件成功!邮件地址: 2145997801 @qq.com，投递结果: "{\"RequestId\":\"6c1cc0b9-f318-465c-9ca7-a5c6226e71c2\",\"MessageId\":\"qcloudses-30-1251761650-date-20211014165536-CgkfEUTezMP1\"}"
[2021-10-14T16:55:40.620] [INFO] default - 发送邮件成功!邮件地址: 3083911261 @qq.com，投递结果: "{\"RequestId\":\"3353744b-195c-44ba-b624-914de56035ae\",\"MessageId\":\"qcloudses-30-1251761650-date-20211014165540-eDZvFxdoBcc1\"}"
[2021-10-14T16:55:44.869] [INFO] default - 发送邮件成功!邮件地址: 2537532972 @qq.com，投递结果: "{\"RequestId\":\"54c0b2e6-cd15-4daf-8295-655ccef87e9c\",\"MessageId\":\"qcloudses-30-1251761650-date-20211014165544-IMMhUUIxPoF1\"}"
[2021-10-14T16:55:46.841] [INFO] default - 发送邮件成功!邮件地址: 714042425 @qq.com，投递结果: "{\"RequestId\":\"ad2be99e-c378-4822-980d-35958fbad963\",\"MessageId\":\"qcloudses-30-1251761650-date-20211014165546-MOsFKwGFUGS1\"}"
[2021-10-14T16:55:48.669] [INFO] default - 发送邮件成功!邮件地址: 2720283292 @qq.com，投递结果: "{\"RequestId\":\"dbc33cc2-8a11-4f95-8bfc-214dbd40a9de\",\"MessageId\":\"qcloudses-30-1251761650-date-20211014165548-hBaxMUwbHAr1\"}"
[2021-10-14T16:55:50.720] [INFO] default - 发送邮件成功!邮件地址: 2364355853 @qq.com，投递结果: "{\"RequestId\":\"7ee7c1a6-26e6-4b04-b00c-49af69217b08\",\"MessageId\":\"qcloudses-30-1251761650-date-20211014165550-MIjmlbVRtvu1\"}"
[2021-10-14T16:55:52.766] [INFO] default - 发送邮件成功!邮件地址: 185355576 @qq.com，投递结果: "{\"RequestId\":\"19a835a3-90de-4f6c-8f1a-c2e122eaafac\",\"MessageId\":\"qcloudses-30-1251761650-date-20211014165552-lHXnYxHcrHQ1\"}"
[2021-10-14T17:01:39.096] [INFO] default - 发送邮件成功!邮件地址: 1093628993 @qq.com，投递结果: "{\"RequestId\":\"49850a1b-566a-4c75-a53e-17c8c1ead13c\",\"MessageId\":\"qcloudses-30-1251761650-date-20211014170139-IuekQFLLXWG1\"}"
[2021-10-14T17:07:25.196] [INFO] default - 发送邮件成功!邮件地址: 228008045 @qq.com，投递结果: "{\"RequestId\":\"58b6189b-a4c6-4812-90d2-bbd1288bcb25\",\"MessageId\":\"qcloudses-30-1251761650-date-20211014170725-oRpsYIwMReR1\"}"
[2021-10-14T17:12:25.311] [INFO] default - 发送邮件成功!邮件地址: 228008045 @qq.com，投递结果: "{\"RequestId\":\"b1ca87db-a715-4693-9ba7-e29e970d1342\",\"MessageId\":\"qcloudses-30-1251761650-date-20211014171225-hMDGRGaiSqD1\"}"
[2021-10-14T17:34:31.893] [INFO] default - 发送邮件成功!邮件地址: 228008045 @qq.com，投递结果: "{\"RequestId\":\"ef438c7d-dfe7-4515-88d6-e15bdb7eaf3a\",\"MessageId\":\"qcloudses-30-1251761650-date-20211014173431-bNwebtVuzUR1\"}"
[2021-10-14T17:37:04.530] [INFO] default - 发送邮件成功!邮件地址: 228008045 @qq.com，投递结果: "{\"RequestId\":\"b48b38e6-2c78-42b9-bb10-3781edab4159\",\"MessageId\":\"qcloudses-30-1251761650-date-20211014173704-pVdwgDDeLLr1\"}"
[2021-10-14T17:42:01.554] [INFO] default - 发送邮件成功!邮件地址: 228008045 @qq.com，投递结果: "{\"RequestId\":\"84301ee2-d67a-4496-b95f-0ae261d0ad3d\",\"MessageId\":\"qcloudses-30-1251761650-date-20211014174201-ZqjEeBYwOtM1\"}"
